<?xml version="1.0" encoding="UTF-8"?>
<testsuite name="ru.ac.uniyar.testingcourse.CounterTest" tests="2" skipped="0" failures="0" errors="0" timestamp="2022-04-11T22:01:33" hostname="DESKTOP-VQTU60V" time="0.024">
  <properties/>
  <testcase name="testReset()" classname="ru.ac.uniyar.testingcourse.CounterTest" time="0.022"/>
  <testcase name="testConstructor()" classname="ru.ac.uniyar.testingcourse.CounterTest" time="0.0"/>
  <system-out><![CDATA[]]></system-out>
  <system-err><![CDATA[]]></system-err>
</testsuite>
